<?xml version="1.0" encoding="UTF-8"?>
<robot generator="Robot 4.1.3 (Python 3.8.7 on win32)" generated="20220305 22:29:50.021" rpa="false" schemaversion="2">
<suite id="s1" name="Testcases" source="D:\Tukta\QA Technical Test\02\Assignement_1_UIAutomation\testcases">
<suite id="s1-s1" name="SearchProduct" source="D:\Tukta\QA Technical Test\02\Assignement_1_UIAutomation\testcases\SearchProduct.robot">
<test id="s1-s1-t1" name="Search First product on Women T-Shirt">
<kw name="Go to E-Commernce Website" library="keywords">
<kw name="Open Browser" library="PuppeteerLibrary">
<arg>${URL}</arg>
<doc>Opens a new browser instance to the specific ``url``.</doc>
<msg timestamp="20220305 22:29:50.248" level="INFO">http://automationpractice.com/index.php</msg>
<status status="PASS" starttime="20220305 22:29:50.248" endtime="20220305 22:29:58.243"/>
</kw>
<status status="PASS" starttime="20220305 22:29:50.248" endtime="20220305 22:29:58.243"/>
</kw>
<kw name="Go to menu Women" library="keywords">
<kw name="Mouse Over" library="PuppeteerLibrary">
<arg>${MENU_WOMEN}</arg>
<doc>Mouse over the element.</doc>
<msg timestamp="20220305 22:29:58.243" level="INFO">Mouse over 'xpath=//a[@title="Women"]'.</msg>
<status status="PASS" starttime="20220305 22:29:58.243" endtime="20220305 22:29:58.264"/>
</kw>
<status status="PASS" starttime="20220305 22:29:58.243" endtime="20220305 22:29:58.264"/>
</kw>
<kw name="Select sub-menu T-shirts under Women" library="keywords">
<kw name="Wait Until Element Is Visible" library="PuppeteerLibrary">
<arg>${SUBMENU_WM_TSHIRTS}</arg>
<doc>Waits until ``locator`` element is displayed on web page.</doc>
<status status="PASS" starttime="20220305 22:29:58.265" endtime="20220305 22:29:58.383"/>
</kw>
<kw name="Click Element" library="PuppeteerLibrary">
<arg>${SUBMENU_WM_TSHIRTS}</arg>
<doc>Clicks element identified by ``locator``.</doc>
<msg timestamp="20220305 22:29:58.384" level="INFO">Clicking element 'xpath=//*[contains(@class,'submenu')]//*/a[@title="T-shirts"]'.</msg>
<status status="PASS" starttime="20220305 22:29:58.383" endtime="20220305 22:29:58.424"/>
</kw>
<kw name="Wait Until Element Is Visible" library="PuppeteerLibrary">
<arg>${CAT_TSHIRT}</arg>
<doc>Waits until ``locator`` element is displayed on web page.</doc>
<status status="PASS" starttime="20220305 22:29:58.425" endtime="20220305 22:30:02.054"/>
</kw>
<status status="PASS" starttime="20220305 22:29:58.265" endtime="20220305 22:30:02.055"/>
</kw>
<kw name="Get Product Name of First Product" library="keywords">
<kw name="Wait Until Element Is Visible" library="PuppeteerLibrary">
<arg>${FIRST_PRODUCTNAME}</arg>
<doc>Waits until ``locator`` element is displayed on web page.</doc>
<status status="PASS" starttime="20220305 22:30:02.055" endtime="20220305 22:30:02.089"/>
</kw>
<kw name="Get Text" library="PuppeteerLibrary">
<var>${product_name}</var>
<arg>${FIRST_PRODUCTNAME}</arg>
<doc>Returns text value of element identified by ``locator``.</doc>
<msg timestamp="20220305 22:30:02.099" level="INFO">${product_name} = Faded Short Sleeve T-shirts</msg>
<status status="PASS" starttime="20220305 22:30:02.089" endtime="20220305 22:30:02.099"/>
</kw>
<kw name="Get Text" library="PuppeteerLibrary">
<var>${product_desc}</var>
<arg>${FIRST_PRODUCTDESC}</arg>
<doc>Returns text value of element identified by ``locator``.</doc>
<msg timestamp="20220305 22:30:02.105" level="INFO">${product_desc} = 
						Faded short sleeve t-shirt with high neckline. Soft and stretchy material for a comfortable fit. Accessorize with a straw hat and you're ready for summer!
					</msg>
<status status="PASS" starttime="20220305 22:30:02.099" endtime="20220305 22:30:02.105"/>
</kw>
<kw name="Get Text" library="PuppeteerLibrary">
<var>${product_price}</var>
<arg>${FIRST_PRODUCTPRICE}</arg>
<doc>Returns text value of element identified by ``locator``.</doc>
<msg timestamp="20220305 22:30:02.114" level="INFO">${product_price} = $16.51</msg>
<status status="PASS" starttime="20220305 22:30:02.105" endtime="20220305 22:30:02.114"/>
</kw>
<kw name="Set Test Variable" library="BuiltIn">
<arg>${search_product}</arg>
<arg>${product_name}</arg>
<doc>Makes a variable available everywhere within the scope of the current test.</doc>
<msg timestamp="20220305 22:30:02.115" level="INFO">${search_product} = Faded Short Sleeve T-shirts</msg>
<status status="PASS" starttime="20220305 22:30:02.114" endtime="20220305 22:30:02.115"/>
</kw>
<kw name="Set Test Variable" library="BuiltIn">
<arg>${search_desc}</arg>
<arg>${product_desc}</arg>
<doc>Makes a variable available everywhere within the scope of the current test.</doc>
<msg timestamp="20220305 22:30:02.116" level="INFO">${search_desc} = 
						Faded short sleeve t-shirt with high neckline. Soft and stretchy material for a comfortable fit. Accessorize with a straw hat and you're ready for summer!
					</msg>
<status status="PASS" starttime="20220305 22:30:02.115" endtime="20220305 22:30:02.116"/>
</kw>
<kw name="Set Test Variable" library="BuiltIn">
<arg>${search_price}</arg>
<arg>${product_price}</arg>
<doc>Makes a variable available everywhere within the scope of the current test.</doc>
<msg timestamp="20220305 22:30:02.116" level="INFO">${search_price} = $16.51</msg>
<status status="PASS" starttime="20220305 22:30:02.116" endtime="20220305 22:30:02.116"/>
</kw>
<status status="PASS" starttime="20220305 22:30:02.055" endtime="20220305 22:30:02.116"/>
</kw>
<kw name="Search with Product Name" library="keywords">
<kw name="Log" library="BuiltIn">
<arg>${search_product}</arg>
<arg>console=yes</arg>
<doc>Logs the given message with the given level.</doc>
<msg timestamp="20220305 22:30:02.117" level="INFO">Faded Short Sleeve T-shirts</msg>
<status status="PASS" starttime="20220305 22:30:02.117" endtime="20220305 22:30:02.117"/>
</kw>
<kw name="Input Text" library="PuppeteerLibrary">
<arg>${INPUT_SEARCH}</arg>
<arg>${search_product}</arg>
<doc>Types the given text into text field identified by ``locator``.</doc>
<msg timestamp="20220305 22:30:02.118" level="INFO">Typing text 'Faded Short Sleeve T-shirts' into text field 'xpath=//input[@id="search_query_top"]'.</msg>
<status status="PASS" starttime="20220305 22:30:02.117" endtime="20220305 22:30:02.216"/>
</kw>
<kw name="Click Button" library="PuppeteerLibrary">
<arg>${BUTTON_SEARCH}</arg>
<doc>Clicks button identified by ``locator``.</doc>
<msg timestamp="20220305 22:30:02.216" level="INFO">Clicking button 'xpath=//button[@name="submit_search"]'.</msg>
<status status="PASS" starttime="20220305 22:30:02.216" endtime="20220305 22:30:02.255"/>
</kw>
<status status="PASS" starttime="20220305 22:30:02.117" endtime="20220305 22:30:02.256"/>
</kw>
<kw name="Search result is correct with matching Product's details" library="keywords">
<kw name="Wait Until Element Is Visible" library="PuppeteerLibrary">
<arg>${NAV_SEARCH}</arg>
<doc>Waits until ``locator`` element is displayed on web page.</doc>
<status status="PASS" starttime="20220305 22:30:02.257" endtime="20220305 22:30:06.010"/>
</kw>
<kw name="Wait Until Element Is Visible" library="PuppeteerLibrary">
<arg>${FIRST_PRODUCTNAME}</arg>
<doc>Waits until ``locator`` element is displayed on web page.</doc>
<status status="PASS" starttime="20220305 22:30:06.010" endtime="20220305 22:30:06.017"/>
</kw>
<kw name="Element Text Should Be" library="PuppeteerLibrary">
<arg>${FIRST_PRODUCTNAME}</arg>
<arg>${search_product}</arg>
<doc>Verifies that element locator contains exact the text `expected`.</doc>
<status status="PASS" starttime="20220305 22:30:06.018" endtime="20220305 22:30:06.026"/>
</kw>
<kw name="Element Text Should Be" library="PuppeteerLibrary">
<arg>${FIRST_PRODUCTDESC}</arg>
<arg>${search_desc}</arg>
<doc>Verifies that element locator contains exact the text `expected`.</doc>
<status status="PASS" starttime="20220305 22:30:06.026" endtime="20220305 22:30:06.041"/>
</kw>
<kw name="Element Text Should Be" library="PuppeteerLibrary">
<arg>${FIRST_PRODUCTPRICE}</arg>
<arg>${search_price}</arg>
<doc>Verifies that element locator contains exact the text `expected`.</doc>
<status status="PASS" starttime="20220305 22:30:06.041" endtime="20220305 22:30:06.049"/>
</kw>
<kw name="Set Screenshot Directory" library="PuppeteerLibrary">
<arg>${DIR_SS}</arg>
<status status="PASS" starttime="20220305 22:30:06.050" endtime="20220305 22:30:06.050"/>
</kw>
<kw name="Capture Page Screenshot" library="PuppeteerLibrary">
<doc>Capture current web page as image png file.</doc>
<msg timestamp="20220305 22:30:06.419" level="INFO" html="true">&lt;/td&gt;&lt;/tr&gt;&lt;tr&gt;&lt;td colspan="3"&gt;&lt;a href="results/puppeteer-screenshot-2.png"&gt;&lt;img src="results/puppeteer-screenshot-2.png" width="800px"&gt;&lt;/a&gt;</msg>
<status status="PASS" starttime="20220305 22:30:06.050" endtime="20220305 22:30:06.419"/>
</kw>
<status status="PASS" starttime="20220305 22:30:02.256" endtime="20220305 22:30:06.419"/>
</kw>
<status status="PASS" starttime="20220305 22:29:50.247" endtime="20220305 22:30:06.420"/>
</test>
<status status="PASS" starttime="20220305 22:29:50.036" endtime="20220305 22:30:06.421"/>
</suite>
<status status="PASS" starttime="20220305 22:29:50.022" endtime="20220305 22:30:06.422"/>
</suite>
<statistics>
<total>
<stat pass="1" fail="0" skip="0">All Tests</stat>
</total>
<tag>
</tag>
<suite>
<stat pass="1" fail="0" skip="0" id="s1" name="Testcases">Testcases</stat>
<stat pass="1" fail="0" skip="0" id="s1-s1" name="SearchProduct">Testcases.SearchProduct</stat>
</suite>
</statistics>
<errors>
</errors>
</robot>
